<http.client.HTTPResponse object at 0x10e61c550>
<http.client.HTTPResponse object at 0x10e63d4a8>
<http.client.HTTPResponse object at 0x10e63d9e8>
<http.client.HTTPResponse object at 0x10e63df28>
<http.client.HTTPResponse object at 0x10e63d2b0>
<http.client.HTTPResponse object at 0x10e61c390>
<http.client.HTTPResponse object at 0x10e054668>
<http.client.HTTPResponse object at 0x10e799550>
<http.client.HTTPResponse object at 0x10e799a58>
<http.client.HTTPResponse object at 0x10e799f60>
<http.client.HTTPResponse object at 0x10e79d4a8>
<http.client.HTTPResponse object at 0x10e79d9b0>
<http.client.HTTPResponse object at 0x10e79deb8>
<http.client.HTTPResponse object at 0x10e7a3400>
<http.client.HTTPResponse object at 0x10e7a3908>
<http.client.HTTPResponse object at 0x10e7a3e10>
<http.client.HTTPResponse object at 0x10e7a9358>
<http.client.HTTPResponse object at 0x10e7a9860>
<http.client.HTTPResponse object at 0x10e7a9d68>
<http.client.HTTPResponse object at 0x10e7a3da0>
<http.client.HTTPResponse object at 0x10e7a3630>
<http.client.HTTPResponse object at 0x10e0c8080>
<http.client.HTTPResponse object at 0x10e61c518>
<http.client.HTTPResponse object at 0x10e63d9e8>
<http.client.HTTPResponse object at 0x10e63d588>
<http.client.HTTPResponse object at 0x10e7a9358>
<http.client.HTTPResponse object at 0x10e7a9438>
<http.client.HTTPResponse object at 0x10e7a9eb8>
<http.client.HTTPResponse object at 0x10e7af400>
<http.client.HTTPResponse object at 0x10e7af908>
<http.client.HTTPResponse object at 0x10e7afe10>
<http.client.HTTPResponse object at 0x10e79a358>
<http.client.HTTPResponse object at 0x10e79a860>
<http.client.HTTPResponse object at 0x10e79ad68>
<http.client.HTTPResponse object at 0x10e7ae2b0>
<http.client.HTTPResponse object at 0x10e7ae7b8>
<http.client.HTTPResponse object at 0x10e79ada0>
<http.client.HTTPResponse object at 0x10e79a7b8>
<http.client.HTTPResponse object at 0x10e79a0f0>
<http.client.HTTPResponse object at 0x10e7a9f28>
<http.client.HTTPResponse object at 0x10e7a9710>
<http.client.HTTPResponse object at 0x10e63d908>
<http.client.HTTPResponse object at 0x10e63de80>
<http.client.HTTPResponse object at 0x10e63dd30>
<http.client.HTTPResponse object at 0x10e61cb70>
<http.client.HTTPResponse object at 0x10e7a30b8>
<http.client.HTTPResponse object at 0x10e7a3278>
<http.client.HTTPResponse object at 0x10e7a3898>
<http.client.HTTPResponse object at 0x10e7aecc0>
<http.client.HTTPResponse object at 0x10e7aed68>
<http.client.HTTPResponse object at 0x10e7992b0>
<http.client.HTTPResponse object at 0x10e7997b8>
<http.client.HTTPResponse object at 0x10e799cc0>
<http.client.HTTPResponse object at 0x10e7b3208>
<http.client.HTTPResponse object at 0x10e7994e0>
<http.client.HTTPResponse object at 0x10e7aef98>
<http.client.HTTPResponse object at 0x10e7ae518>
<http.client.HTTPResponse object at 0x10e7a3898>
<http.client.HTTPResponse object at 0x10e7a3400>
<http.client.HTTPResponse object at 0x10e7a36a0>
<http.client.HTTPResponse object at 0x10e0cf7f0>
<http.client.HTTPResponse object at 0x10e054668>
<http.client.HTTPResponse object at 0x10e63d0b8>
<http.client.HTTPResponse object at 0x10e63d400>
<http.client.HTTPResponse object at 0x10e7a96a0>
<http.client.HTTPResponse object at 0x10e7a98d0>
<http.client.HTTPResponse object at 0x10e7a91d0>
<http.client.HTTPResponse object at 0x10e79a9b0>
<http.client.HTTPResponse object at 0x10e79aa58>
<http.client.HTTPResponse object at 0x10e79ac50>
<http.client.HTTPResponse object at 0x10e7b4240>
<http.client.HTTPResponse object at 0x10e7b4710>
<http.client.HTTPResponse object at 0x10e7b4be0>
<http.client.HTTPResponse object at 0x10e79acf8>
<http.client.HTTPResponse object at 0x10e79a4a8>
<http.client.HTTPResponse object at 0x10e79a0f0>
<http.client.HTTPResponse object at 0x10e7a9080>
<http.client.HTTPResponse object at 0x10e7a96a0>
<http.client.HTTPResponse object at 0x10e09b588>
<http.client.HTTPResponse object at 0x10e63d588>
<http.client.HTTPResponse object at 0x10e63d4e0>
<http.client.HTTPResponse object at 0x10e61cba8>
<http.client.HTTPResponse object at 0x10e7a36a0>
<http.client.HTTPResponse object at 0x10e7a3198>
<http.client.HTTPResponse object at 0x10e7a37f0>
<http.client.HTTPResponse object at 0x10e7ae978>
<http.client.HTTPResponse object at 0x10e7aeac8>
<http.client.HTTPResponse object at 0x10e7994e0>
<http.client.HTTPResponse object at 0x10e7994a8>
<http.client.HTTPResponse object at 0x10e7999b0>
<http.client.HTTPResponse object at 0x10e7b4978>
<http.client.HTTPResponse object at 0x10e7b4278>
<http.client.HTTPResponse object at 0x10e7b50f0>
<http.client.HTTPResponse object at 0x10e7b43c8>
<http.client.HTTPResponse object at 0x10e7b4c18>
<http.client.HTTPResponse object at 0x10e7996d8>
<http.client.HTTPResponse object at 0x10e799208>
<http.client.HTTPResponse object at 0x10e799b00>
<http.client.HTTPResponse object at 0x10e61c400>
<http.client.HTTPResponse object at 0x10e63d4e0>
<http.client.HTTPResponse object at 0x10e63d550>
<http.client.HTTPResponse object at 0x10e63d748>
<http.client.HTTPResponse object at 0x10e7b5080>
<http.client.HTTPResponse object at 0x10e7b5550>
<http.client.HTTPResponse object at 0x10e7b5a20>
<http.client.HTTPResponse object at 0x10e7b5ef0>
<http.client.HTTPResponse object at 0x10e7b6400>
<http.client.HTTPResponse object at 0x10e7b68d0>
<http.client.HTTPResponse object at 0x10e7b6da0>
<http.client.HTTPResponse object at 0x10e7a72b0>
<http.client.HTTPResponse object at 0x10e7a7780>
<http.client.HTTPResponse object at 0x10e7a7c50>
<http.client.HTTPResponse object at 0x10e7b6fd0>
<http.client.HTTPResponse object at 0x10e7b6390>
<http.client.HTTPResponse object at 0x10e7b61d0>
<http.client.HTTPResponse object at 0x10e63dfd0>
<http.client.HTTPResponse object at 0x10e63d390>
<http.client.HTTPResponse object at 0x10e63d0b8>
<http.client.HTTPResponse object at 0x10e61cb00>
<http.client.HTTPResponse object at 0x10e799e80>
<http.client.HTTPResponse object at 0x10e799048>
<http.client.HTTPResponse object at 0x10e799668>
<http.client.HTTPResponse object at 0x10e0cfb38>
<http.client.HTTPResponse object at 0x10e7b4b00>
<http.client.HTTPResponse object at 0x10e7b4748>
<http.client.HTTPResponse object at 0x10e7a7c50>
<http.client.HTTPResponse object at 0x10e7a77b8>
<http.client.HTTPResponse object at 0x10e7a7048>
<http.client.HTTPResponse object at 0x10e7a82b0>
<http.client.HTTPResponse object at 0x10e7a8780>
<http.client.HTTPResponse object at 0x10e7a8c50>
<http.client.HTTPResponse object at 0x10e7a91d0>
<http.client.HTTPResponse object at 0x10e7a8eb8>
<http.client.HTTPResponse object at 0x10e7a8550>
<http.client.HTTPResponse object at 0x10e7a7ef0>
<http.client.HTTPResponse object at 0x10e7a7550>
<http.client.HTTPResponse object at 0x10e7a79e8>
<http.client.HTTPResponse object at 0x10e0ba9e8>
<http.client.HTTPResponse object at 0x10e7b4908>
<http.client.HTTPResponse object at 0x10e7b49e8>
<http.client.HTTPResponse object at 0x10e799048>
<http.client.HTTPResponse object at 0x10e799cf8>
Traceback (most recent call last):
  File "/usr/local/Cellar/python/3.7.3/Frameworks/Python.framework/Versions/3.7/lib/python3.7/urllib/request.py", line 1317, in do_open
    encode_chunked=req.has_header('Transfer-encoding'))
  File "/usr/localTraceback (most recent call last):
  File "/usr/local/Cellar/python/3.7.3/Frameworks/Python.framework/Versions/3.7/lib/python3.7/urllib/request.py", line 1317, in do_open
    encode_chunked=req.has_header('Transfer-encoding'))
  File "/usr/local/Cellar/python/3.7.3/Frameworks/Python.framework/Versions/3.7/lib/python3.7/http/client.py", line 1229, in request
    self._send_request(method, url, body, headers, encode_chunked)
  File "/usr/local/Cellar/python/3.7.3/Frameworks/Python.framework/Versions/3.7/lib/python3.7/http/client.py", line 1275, in _send_request
    self.endheaders(body, encode_chunked=encode_chunked)
  File "/usr/local/Cellar/python/3.7.3/Frameworks/Python.framework/Versions/3.7/lib/python3.7/http/client.py", line 1224, in endheaders
    self._send_output(message_body, encode_chunked=encode_chunked)
  File "/usr/local/Cellar/python/3.7.3/Frameworks/Python.framework/Versions/3.7/lib/python3.7/http/client.py", line 1016, in _send_output
    self.send(msg)
  File "/usr/local/Cellar/python/3.7.3/Frameworks/Python.framework/Versions/3.7/lib/python3.7/http/client.py", line 956, in send
    self.connect()
  File "/usr/local/Cellar/python/3.7.3/Frameworks/Python.framework/Versions/3.7/lib/python3.7/http/client.py", line 1384, in connect
    super().connect()
  File "/usr/local/Cellar/python/3.7.3/Frameworks/Python.framework/Versions/3.7/lib/python3.7/http/client.py", line 928, in connect
    (self.host,self.port), self.timeout, self.source_address)
  File "/usr/local/Cellar/python/3.7.3/Frameworks/Python.framework/Versions/3.7/lib/python3.7/socket.py", line 707, in create_connection
    for res in getaddrinfo(host, port, 0, SOCK_STREAM):
  File "/usr/local/Cellar/python/3.7.3/Frameworks/Python.framework/Versions/3.7/lib/python3.7/socket.py", line 748, in getaddrinfo
    for res in _socket.getaddrinfo(host, port, family, type, proto, flags):
socket.gaierror: [Errno 8] nodename nor servname provided, or not known

During handling of the above exception, another exception occurred:

Traceback (most recent call last):
  File "TashVisitCsdn.py", line 24, in <module>
    if __name__ == "__main__":
  File "/usr/local/Cellar/python/3.7.3/Frameworks/Python.framework/Versions/3.7/lib/python3.7/urllib/request.py", line 222, in urlopen
    return opener.open(url, data, timeout)
  File "/usr/local/Cellar/python/3.7.3/Frameworks/Python.framework/Versions/3.7/lib/python3.7/urllib/request.py", line 525, in open
    response = self._open(req, data)
  File "/usr/local/Cellar/python/3.7.3/Frameworks/Python.framework/Versions/3.7/lib/python3.7/urllib/request.py", line 543, in _open
    '_open', req)
  File "/usr/local/Cellar/python/3.7.3/Frameworks/Python.framework/Versions/3.7/lib/python3.7/urllib/request.py", line 503, in _call_chain
    result = func(*args)
  File "/usr/local/Cellar/python/3.7.3/Frameworks/Python.framework/Versions/3.7/lib/python3.7/urllib/request.py", line 1360, in https_open
    context=self._context, check_hostname=self._check_hostname)
  File "/usr/local/Cellar/python/3.7.3/Frameworks/Python.framework/Versions/3.7/lib/python3.7/urllib/request.py", line 1319, in do_open
    raise URLError(err)
urllib.error.URLError: <urlopen error [Errno 8] nodename nor servname provided, or not known>
